2024-05-31T10:48:22.331+05:30  INFO 10988 --- [LogbackApplicationProperties] [restartedMain] .LogbackApplicationPropertiesApplication : Starting LogbackApplicationPropertiesApplication using Java 17.0.3 with PID 10988 (F:\springboot\LogbackApplicationProperties\target\classes started by shiva.netha in F:\springboot\LogbackApplicationProperties)
2024-05-31T10:48:22.334+05:30  INFO 10988 --- [LogbackApplicationProperties] [restartedMain] .LogbackApplicationPropertiesApplication : No active profile set, falling back to 1 default profile: "default"
2024-05-31T10:48:22.382+05:30  INFO 10988 --- [LogbackApplicationProperties] [restartedMain] .e.DevToolsPropertyDefaultsPostProcessor : Devtools property defaults active! Set 'spring.devtools.add-properties' to 'false' to disable
2024-05-31T10:48:22.383+05:30  INFO 10988 --- [LogbackApplicationProperties] [restartedMain] .e.DevToolsPropertyDefaultsPostProcessor : For additional web related logging consider setting the 'logging.level.web' property to 'DEBUG'
2024-05-31T10:48:23.135+05:30  INFO 10988 --- [LogbackApplicationProperties] [restartedMain] o.s.b.w.embedded.tomcat.TomcatWebServer  : Tomcat initialized with port 8080 (http)
2024-05-31T10:48:23.151+05:30  INFO 10988 --- [LogbackApplicationProperties] [restartedMain] o.apache.catalina.core.StandardService   : Starting service [Tomcat]
2024-05-31T10:48:23.151+05:30  INFO 10988 --- [LogbackApplicationProperties] [restartedMain] o.apache.catalina.core.StandardEngine    : Starting Servlet engine: [Apache Tomcat/10.1.24]
2024-05-31T10:48:23.202+05:30  INFO 10988 --- [LogbackApplicationProperties] [restartedMain] o.a.c.c.C.[Tomcat].[localhost].[/]       : Initializing Spring embedded WebApplicationContext
2024-05-31T10:48:23.202+05:30  INFO 10988 --- [LogbackApplicationProperties] [restartedMain] w.s.c.ServletWebServerApplicationContext : Root WebApplicationContext: initialization completed in 819 ms
2024-05-31T10:48:23.503+05:30  INFO 10988 --- [LogbackApplicationProperties] [restartedMain] o.s.b.d.a.OptionalLiveReloadServer       : LiveReload server is running on port 35729
2024-05-31T10:48:23.546+05:30  INFO 10988 --- [LogbackApplicationProperties] [restartedMain] o.s.b.w.embedded.tomcat.TomcatWebServer  : Tomcat started on port 8080 (http) with context path '/'
2024-05-31T10:48:23.560+05:30  INFO 10988 --- [LogbackApplicationProperties] [restartedMain] .LogbackApplicationPropertiesApplication : Started LogbackApplicationPropertiesApplication in 1.71 seconds (process running for 2.415)
2024-05-31T10:48:39.509+05:30  INFO 10988 --- [LogbackApplicationProperties] [http-nio-8080-exec-1] o.a.c.c.C.[Tomcat].[localhost].[/]       : Initializing Spring DispatcherServlet 'dispatcherServlet'
2024-05-31T10:48:39.509+05:30  INFO 10988 --- [LogbackApplicationProperties] [http-nio-8080-exec-1] o.s.web.servlet.DispatcherServlet        : Initializing Servlet 'dispatcherServlet'
2024-05-31T10:48:39.510+05:30  INFO 10988 --- [LogbackApplicationProperties] [http-nio-8080-exec-1] o.s.web.servlet.DispatcherServlet        : Completed initialization in 0 ms
2024-05-31T10:48:39.547+05:30 DEBUG 10988 --- [LogbackApplicationProperties] [http-nio-8080-exec-1] com.ciq.test.LoggingEx                   : it impelement the debug
2024-05-31T10:48:39.547+05:30 ERROR 10988 --- [LogbackApplicationProperties] [http-nio-8080-exec-1] com.ciq.test.LoggingEx                   : it impelement the error
2024-05-31T10:48:39.547+05:30  WARN 10988 --- [LogbackApplicationProperties] [http-nio-8080-exec-1] com.ciq.test.LoggingEx                   : it impelement the warn
2024-05-31T10:48:39.547+05:30  INFO 10988 --- [LogbackApplicationProperties] [http-nio-8080-exec-1] com.ciq.test.LoggingEx                   : it impelement the info
2024-05-31T10:50:12.593+05:30  INFO 10988 --- [LogbackApplicationProperties] [File Watcher] rtingClassPathChangeChangedEventListener : Restarting due to 7 class path changes (0 additions, 0 deletions, 7 modifications)
2024-05-31T10:50:12.677+05:30  INFO 10988 --- [LogbackApplicationProperties] [restartedMain] .LogbackApplicationPropertiesApplication : Starting LogbackApplicationPropertiesApplication using Java 17.0.3 with PID 10988 (F:\springboot\LogbackApplicationProperties\target\classes started by shiva.netha in F:\springboot\LogbackApplicationProperties)
2024-05-31T10:50:12.677+05:30  INFO 10988 --- [LogbackApplicationProperties] [restartedMain] .LogbackApplicationPropertiesApplication : No active profile set, falling back to 1 default profile: "default"
2024-05-31T10:50:12.850+05:30  INFO 10988 --- [LogbackApplicationProperties] [restartedMain] o.s.b.w.embedded.tomcat.TomcatWebServer  : Tomcat initialized with port 8080 (http)
2024-05-31T10:50:12.851+05:30  INFO 10988 --- [LogbackApplicationProperties] [restartedMain] o.apache.catalina.core.StandardService   : Starting service [Tomcat]
2024-05-31T10:50:12.852+05:30  INFO 10988 --- [LogbackApplicationProperties] [restartedMain] o.apache.catalina.core.StandardEngine    : Starting Servlet engine: [Apache Tomcat/10.1.24]
2024-05-31T10:50:12.873+05:30  INFO 10988 --- [LogbackApplicationProperties] [restartedMain] o.a.c.c.C.[Tomcat].[localhost].[/]       : Initializing Spring embedded WebApplicationContext
2024-05-31T10:50:12.873+05:30  INFO 10988 --- [LogbackApplicationProperties] [restartedMain] w.s.c.ServletWebServerApplicationContext : Root WebApplicationContext: initialization completed in 193 ms
2024-05-31T10:50:12.942+05:30  INFO 10988 --- [LogbackApplicationProperties] [restartedMain] o.s.b.d.a.OptionalLiveReloadServer       : LiveReload server is running on port 35729
2024-05-31T10:50:12.963+05:30  INFO 10988 --- [LogbackApplicationProperties] [restartedMain] o.s.b.w.embedded.tomcat.TomcatWebServer  : Tomcat started on port 8080 (http) with context path '/'
2024-05-31T10:50:12.969+05:30  INFO 10988 --- [LogbackApplicationProperties] [restartedMain] .LogbackApplicationPropertiesApplication : Started LogbackApplicationPropertiesApplication in 0.319 seconds (process running for 111.824)
2024-05-31T10:50:12.972+05:30  INFO 10988 --- [LogbackApplicationProperties] [restartedMain] .ConditionEvaluationDeltaLoggingListener : Condition evaluation unchanged
2024-05-31T10:50:19.558+05:30  INFO 10988 --- [LogbackApplicationProperties] [http-nio-8080-exec-1] o.a.c.c.C.[Tomcat].[localhost].[/]       : Initializing Spring DispatcherServlet 'dispatcherServlet'
2024-05-31T10:50:19.559+05:30  INFO 10988 --- [LogbackApplicationProperties] [http-nio-8080-exec-1] o.s.web.servlet.DispatcherServlet        : Initializing Servlet 'dispatcherServlet'
2024-05-31T10:50:19.560+05:30  INFO 10988 --- [LogbackApplicationProperties] [http-nio-8080-exec-1] o.s.web.servlet.DispatcherServlet        : Completed initialization in 1 ms
2024-05-31T10:50:19.563+05:30 DEBUG 10988 --- [LogbackApplicationProperties] [http-nio-8080-exec-1] com.ciq.test.LoggingEx                   : it impelement the debug
2024-05-31T10:50:19.563+05:30 ERROR 10988 --- [LogbackApplicationProperties] [http-nio-8080-exec-1] com.ciq.test.LoggingEx                   : it impelement the error
2024-05-31T10:50:19.563+05:30  WARN 10988 --- [LogbackApplicationProperties] [http-nio-8080-exec-1] com.ciq.test.LoggingEx                   : it impelement the warn
2024-05-31T10:50:19.563+05:30  INFO 10988 --- [LogbackApplicationProperties] [http-nio-8080-exec-1] com.ciq.test.LoggingEx                   : it impelement the info
2024-05-31T10:53:50.039+05:30  INFO 10988 --- [LogbackApplicationProperties] [File Watcher] rtingClassPathChangeChangedEventListener : Restarting due to 1 class path change (0 additions, 0 deletions, 1 modification)
2024-05-31T11:25:00.556+05:30  INFO 2028 --- [LogbackApplicationProperties] [restartedMain] .LogbackApplicationPropertiesApplication : Starting LogbackApplicationPropertiesApplication using Java 17.0.3 with PID 2028 (F:\springboot\LogbackApplicationProperties\target\classes started by shiva.netha in F:\springboot\LogbackApplicationProperties)
2024-05-31T11:25:00.596+05:30  INFO 2028 --- [LogbackApplicationProperties] [restartedMain] .LogbackApplicationPropertiesApplication : No active profile set, falling back to 1 default profile: "default"
2024-05-31T11:25:00.645+05:30  INFO 2028 --- [LogbackApplicationProperties] [restartedMain] .e.DevToolsPropertyDefaultsPostProcessor : Devtools property defaults active! Set 'spring.devtools.add-properties' to 'false' to disable
2024-05-31T11:25:00.645+05:30  INFO 2028 --- [LogbackApplicationProperties] [restartedMain] .e.DevToolsPropertyDefaultsPostProcessor : For additional web related logging consider setting the 'logging.level.web' property to 'DEBUG'
2024-05-31T11:25:01.438+05:30  INFO 2028 --- [LogbackApplicationProperties] [restartedMain] o.s.b.w.embedded.tomcat.TomcatWebServer  : Tomcat initialized with port 8080 (http)
2024-05-31T11:25:01.450+05:30  INFO 2028 --- [LogbackApplicationProperties] [restartedMain] o.apache.catalina.core.StandardService   : Starting service [Tomcat]
2024-05-31T11:25:01.450+05:30  INFO 2028 --- [LogbackApplicationProperties] [restartedMain] o.apache.catalina.core.StandardEngine    : Starting Servlet engine: [Apache Tomcat/10.1.24]
2024-05-31T11:25:01.501+05:30  INFO 2028 --- [LogbackApplicationProperties] [restartedMain] o.a.c.c.C.[Tomcat].[localhost].[/]       : Initializing Spring embedded WebApplicationContext
2024-05-31T11:25:01.502+05:30  INFO 2028 --- [LogbackApplicationProperties] [restartedMain] w.s.c.ServletWebServerApplicationContext : Root WebApplicationContext: initialization completed in 856 ms
2024-05-31T11:25:01.667+05:30 DEBUG 2028 --- [LogbackApplicationProperties] [restartedMain] s.w.s.m.m.a.RequestMappingHandlerMapping : 3 mappings in 'requestMappingHandlerMapping'
2024-05-31T11:25:01.719+05:30 DEBUG 2028 --- [LogbackApplicationProperties] [restartedMain] o.s.w.s.handler.SimpleUrlHandlerMapping  : Patterns [/webjars/**, /**] in 'resourceHandlerMapping'
2024-05-31T11:25:01.747+05:30 DEBUG 2028 --- [LogbackApplicationProperties] [restartedMain] s.w.s.m.m.a.RequestMappingHandlerAdapter : ControllerAdvice beans: 0 @ModelAttribute, 0 @InitBinder, 1 RequestBodyAdvice, 1 ResponseBodyAdvice
2024-05-31T11:25:01.776+05:30 DEBUG 2028 --- [LogbackApplicationProperties] [restartedMain] .m.m.a.ExceptionHandlerExceptionResolver : ControllerAdvice beans: 0 @ExceptionHandler, 1 ResponseBodyAdvice
2024-05-31T11:25:01.832+05:30  INFO 2028 --- [LogbackApplicationProperties] [restartedMain] o.s.b.d.a.OptionalLiveReloadServer       : LiveReload server is running on port 35729
2024-05-31T11:25:01.863+05:30  INFO 2028 --- [LogbackApplicationProperties] [restartedMain] o.s.b.w.embedded.tomcat.TomcatWebServer  : Tomcat started on port 8080 (http) with context path '/'
2024-05-31T11:25:01.875+05:30  INFO 2028 --- [LogbackApplicationProperties] [restartedMain] .LogbackApplicationPropertiesApplication : Started LogbackApplicationPropertiesApplication in 1.751 seconds (process running for 2.845)
2024-05-31T11:25:30.929+05:30  INFO 2028 --- [LogbackApplicationProperties] [RMI TCP Connection(10)-127.0.0.1] inMXBeanRegistrar$SpringApplicationAdmin : Application shutdown requested.
2024-05-31T11:25:36.339+05:30  INFO 19992 --- [LogbackApplicationProperties] [restartedMain] .LogbackApplicationPropertiesApplication : Starting LogbackApplicationPropertiesApplication using Java 17.0.3 with PID 19992 (F:\springboot\LogbackApplicationProperties\target\classes started by shiva.netha in F:\springboot\LogbackApplicationProperties)
2024-05-31T11:25:36.342+05:30  INFO 19992 --- [LogbackApplicationProperties] [restartedMain] .LogbackApplicationPropertiesApplication : No active profile set, falling back to 1 default profile: "default"
2024-05-31T11:25:36.404+05:30  INFO 19992 --- [LogbackApplicationProperties] [restartedMain] .e.DevToolsPropertyDefaultsPostProcessor : Devtools property defaults active! Set 'spring.devtools.add-properties' to 'false' to disable
2024-05-31T11:25:36.404+05:30  INFO 19992 --- [LogbackApplicationProperties] [restartedMain] .e.DevToolsPropertyDefaultsPostProcessor : For additional web related logging consider setting the 'logging.level.web' property to 'DEBUG'
2024-05-31T11:25:37.152+05:30  INFO 19992 --- [LogbackApplicationProperties] [restartedMain] o.s.b.w.embedded.tomcat.TomcatWebServer  : Tomcat initialized with port 8080 (http)
2024-05-31T11:25:37.165+05:30  INFO 19992 --- [LogbackApplicationProperties] [restartedMain] o.apache.catalina.core.StandardService   : Starting service [Tomcat]
2024-05-31T11:25:37.165+05:30  INFO 19992 --- [LogbackApplicationProperties] [restartedMain] o.apache.catalina.core.StandardEngine    : Starting Servlet engine: [Apache Tomcat/10.1.24]
2024-05-31T11:25:37.215+05:30  INFO 19992 --- [LogbackApplicationProperties] [restartedMain] o.a.c.c.C.[Tomcat].[localhost].[/]       : Initializing Spring embedded WebApplicationContext
2024-05-31T11:25:37.215+05:30  INFO 19992 --- [LogbackApplicationProperties] [restartedMain] w.s.c.ServletWebServerApplicationContext : Root WebApplicationContext: initialization completed in 810 ms
2024-05-31T11:25:37.393+05:30 DEBUG 19992 --- [LogbackApplicationProperties] [restartedMain] s.w.s.m.m.a.RequestMappingHandlerMapping : 3 mappings in 'requestMappingHandlerMapping'
2024-05-31T11:25:37.458+05:30 DEBUG 19992 --- [LogbackApplicationProperties] [restartedMain] o.s.w.s.handler.SimpleUrlHandlerMapping  : Patterns [/webjars/**, /**] in 'resourceHandlerMapping'
2024-05-31T11:25:37.487+05:30 DEBUG 19992 --- [LogbackApplicationProperties] [restartedMain] s.w.s.m.m.a.RequestMappingHandlerAdapter : ControllerAdvice beans: 0 @ModelAttribute, 0 @InitBinder, 1 RequestBodyAdvice, 1 ResponseBodyAdvice
2024-05-31T11:25:37.518+05:30 DEBUG 19992 --- [LogbackApplicationProperties] [restartedMain] .m.m.a.ExceptionHandlerExceptionResolver : ControllerAdvice beans: 0 @ExceptionHandler, 1 ResponseBodyAdvice
2024-05-31T11:25:37.593+05:30  INFO 19992 --- [LogbackApplicationProperties] [restartedMain] o.s.b.d.a.OptionalLiveReloadServer       : LiveReload server is running on port 35729
2024-05-31T11:25:37.630+05:30  INFO 19992 --- [LogbackApplicationProperties] [restartedMain] o.s.b.w.embedded.tomcat.TomcatWebServer  : Tomcat started on port 8080 (http) with context path '/'
2024-05-31T11:25:37.642+05:30  INFO 19992 --- [LogbackApplicationProperties] [restartedMain] .LogbackApplicationPropertiesApplication : Started LogbackApplicationPropertiesApplication in 1.685 seconds (process running for 2.375)
2024-05-31T11:25:45.218+05:30  INFO 19992 --- [LogbackApplicationProperties] [http-nio-8080-exec-1] o.a.c.c.C.[Tomcat].[localhost].[/]       : Initializing Spring DispatcherServlet 'dispatcherServlet'
2024-05-31T11:25:45.219+05:30  INFO 19992 --- [LogbackApplicationProperties] [http-nio-8080-exec-1] o.s.web.servlet.DispatcherServlet        : Initializing Servlet 'dispatcherServlet'
2024-05-31T11:25:45.219+05:30 DEBUG 19992 --- [LogbackApplicationProperties] [http-nio-8080-exec-1] o.s.web.servlet.DispatcherServlet        : Detected StandardServletMultipartResolver
2024-05-31T11:25:45.219+05:30 DEBUG 19992 --- [LogbackApplicationProperties] [http-nio-8080-exec-1] o.s.web.servlet.DispatcherServlet        : Detected AcceptHeaderLocaleResolver
2024-05-31T11:25:45.219+05:30 DEBUG 19992 --- [LogbackApplicationProperties] [http-nio-8080-exec-1] o.s.web.servlet.DispatcherServlet        : Detected FixedThemeResolver
2024-05-31T11:25:45.219+05:30 DEBUG 19992 --- [LogbackApplicationProperties] [http-nio-8080-exec-1] o.s.web.servlet.DispatcherServlet        : Detected org.springframework.web.servlet.view.DefaultRequestToViewNameTranslator@47b4cf5a
2024-05-31T11:25:45.221+05:30 DEBUG 19992 --- [LogbackApplicationProperties] [http-nio-8080-exec-1] o.s.web.servlet.DispatcherServlet        : Detected org.springframework.web.servlet.support.SessionFlashMapManager@55ce5dae
2024-05-31T11:25:45.222+05:30 DEBUG 19992 --- [LogbackApplicationProperties] [http-nio-8080-exec-1] o.s.web.servlet.DispatcherServlet        : enableLoggingRequestDetails='false': request parameters and headers will be masked to prevent unsafe logging of potentially sensitive data
2024-05-31T11:25:45.222+05:30  INFO 19992 --- [LogbackApplicationProperties] [http-nio-8080-exec-1] o.s.web.servlet.DispatcherServlet        : Completed initialization in 3 ms
2024-05-31T11:25:45.232+05:30 DEBUG 19992 --- [LogbackApplicationProperties] [http-nio-8080-exec-1] o.s.web.servlet.DispatcherServlet        : GET "/map", parameters={}
2024-05-31T11:25:45.246+05:30 DEBUG 19992 --- [LogbackApplicationProperties] [http-nio-8080-exec-1] s.w.s.m.m.a.RequestMappingHandlerMapping : Mapped to com.ciq.test.LoggingEx#main()
2024-05-31T11:25:45.257+05:30 DEBUG 19992 --- [LogbackApplicationProperties] [http-nio-8080-exec-1] com.ciq.test.LoggingEx                   : it impelement the debug
2024-05-31T11:25:45.258+05:30 ERROR 19992 --- [LogbackApplicationProperties] [http-nio-8080-exec-1] com.ciq.test.LoggingEx                   : it impelement the error
2024-05-31T11:25:45.258+05:30  WARN 19992 --- [LogbackApplicationProperties] [http-nio-8080-exec-1] com.ciq.test.LoggingEx                   : it impelement the warn
2024-05-31T11:25:45.258+05:30  INFO 19992 --- [LogbackApplicationProperties] [http-nio-8080-exec-1] com.ciq.test.LoggingEx                   : it impelement the info
2024-05-31T11:25:45.277+05:30 DEBUG 19992 --- [LogbackApplicationProperties] [http-nio-8080-exec-1] m.m.a.RequestResponseBodyMethodProcessor : Using 'text/html', given [text/html, application/xhtml+xml, image/avif, image/webp, image/apng, application/xml;q=0.9, */*;q=0.8, application/signed-exchange;v=b3;q=0.7] and supported [text/plain, */*, application/json, application/*+json]
2024-05-31T11:25:45.278+05:30 DEBUG 19992 --- [LogbackApplicationProperties] [http-nio-8080-exec-1] m.m.a.RequestResponseBodyMethodProcessor : Writing ["main"]
2024-05-31T11:25:45.288+05:30 DEBUG 19992 --- [LogbackApplicationProperties] [http-nio-8080-exec-1] o.s.web.servlet.DispatcherServlet        : Completed 200 OK
2024-05-31T11:26:00.304+05:30  INFO 19992 --- [LogbackApplicationProperties] [File Watcher] rtingClassPathChangeChangedEventListener : Restarting due to 1 class path change (0 additions, 0 deletions, 1 modification)
2024-05-31T11:26:00.385+05:30  INFO 19992 --- [LogbackApplicationProperties] [restartedMain] .LogbackApplicationPropertiesApplication : Starting LogbackApplicationPropertiesApplication using Java 17.0.3 with PID 19992 (F:\springboot\LogbackApplicationProperties\target\classes started by shiva.netha in F:\springboot\LogbackApplicationProperties)
2024-05-31T11:26:00.386+05:30  INFO 19992 --- [LogbackApplicationProperties] [restartedMain] .LogbackApplicationPropertiesApplication : No active profile set, falling back to 1 default profile: "default"
2024-05-31T11:26:00.531+05:30  INFO 19992 --- [LogbackApplicationProperties] [restartedMain] o.s.b.w.embedded.tomcat.TomcatWebServer  : Tomcat initialized with port 8080 (http)
2024-05-31T11:26:00.532+05:30  INFO 19992 --- [LogbackApplicationProperties] [restartedMain] o.apache.catalina.core.StandardService   : Starting service [Tomcat]
2024-05-31T11:26:00.533+05:30  INFO 19992 --- [LogbackApplicationProperties] [restartedMain] o.apache.catalina.core.StandardEngine    : Starting Servlet engine: [Apache Tomcat/10.1.24]
2024-05-31T11:26:00.552+05:30  INFO 19992 --- [LogbackApplicationProperties] [restartedMain] o.a.c.c.C.[Tomcat].[localhost].[/]       : Initializing Spring embedded WebApplicationContext
2024-05-31T11:26:00.553+05:30  INFO 19992 --- [LogbackApplicationProperties] [restartedMain] w.s.c.ServletWebServerApplicationContext : Root WebApplicationContext: initialization completed in 165 ms
2024-05-31T11:26:00.581+05:30 DEBUG 19992 --- [LogbackApplicationProperties] [restartedMain] s.w.s.m.m.a.RequestMappingHandlerMapping : 3 mappings in 'requestMappingHandlerMapping'
2024-05-31T11:26:00.602+05:30 DEBUG 19992 --- [LogbackApplicationProperties] [restartedMain] o.s.w.s.handler.SimpleUrlHandlerMapping  : Patterns [/webjars/**, /**] in 'resourceHandlerMapping'
2024-05-31T11:26:00.606+05:30 DEBUG 19992 --- [LogbackApplicationProperties] [restartedMain] s.w.s.m.m.a.RequestMappingHandlerAdapter : ControllerAdvice beans: 0 @ModelAttribute, 0 @InitBinder, 1 RequestBodyAdvice, 1 ResponseBodyAdvice
2024-05-31T11:26:00.609+05:30 DEBUG 19992 --- [LogbackApplicationProperties] [restartedMain] .m.m.a.ExceptionHandlerExceptionResolver : ControllerAdvice beans: 0 @ExceptionHandler, 1 ResponseBodyAdvice
2024-05-31T11:26:00.623+05:30  INFO 19992 --- [LogbackApplicationProperties] [restartedMain] o.s.b.d.a.OptionalLiveReloadServer       : LiveReload server is running on port 35729
2024-05-31T11:26:00.633+05:30  INFO 19992 --- [LogbackApplicationProperties] [restartedMain] o.s.b.w.embedded.tomcat.TomcatWebServer  : Tomcat started on port 8080 (http) with context path '/'
2024-05-31T11:26:00.638+05:30  INFO 19992 --- [LogbackApplicationProperties] [restartedMain] .LogbackApplicationPropertiesApplication : Started LogbackApplicationPropertiesApplication in 0.276 seconds (process running for 25.372)
2024-05-31T11:26:00.641+05:30  INFO 19992 --- [LogbackApplicationProperties] [restartedMain] .ConditionEvaluationDeltaLoggingListener : Condition evaluation unchanged
2024-05-31T11:26:06.638+05:30  INFO 19992 --- [LogbackApplicationProperties] [http-nio-8080-exec-1] o.a.c.c.C.[Tomcat].[localhost].[/]       : Initializing Spring DispatcherServlet 'dispatcherServlet'
2024-05-31T11:26:06.638+05:30  INFO 19992 --- [LogbackApplicationProperties] [http-nio-8080-exec-1] o.s.web.servlet.DispatcherServlet        : Initializing Servlet 'dispatcherServlet'
2024-05-31T11:26:06.639+05:30 DEBUG 19992 --- [LogbackApplicationProperties] [http-nio-8080-exec-1] o.s.web.servlet.DispatcherServlet        : Detected StandardServletMultipartResolver
2024-05-31T11:26:06.639+05:30 DEBUG 19992 --- [LogbackApplicationProperties] [http-nio-8080-exec-1] o.s.web.servlet.DispatcherServlet        : Detected AcceptHeaderLocaleResolver
2024-05-31T11:26:06.639+05:30 DEBUG 19992 --- [LogbackApplicationProperties] [http-nio-8080-exec-1] o.s.web.servlet.DispatcherServlet        : Detected FixedThemeResolver
2024-05-31T11:26:06.639+05:30 DEBUG 19992 --- [LogbackApplicationProperties] [http-nio-8080-exec-1] o.s.web.servlet.DispatcherServlet        : Detected org.springframework.web.servlet.view.DefaultRequestToViewNameTranslator@614a603b
2024-05-31T11:26:06.640+05:30 DEBUG 19992 --- [LogbackApplicationProperties] [http-nio-8080-exec-1] o.s.web.servlet.DispatcherServlet        : Detected org.springframework.web.servlet.support.SessionFlashMapManager@6f8d9262
2024-05-31T11:26:06.640+05:30 DEBUG 19992 --- [LogbackApplicationProperties] [http-nio-8080-exec-1] o.s.web.servlet.DispatcherServlet        : enableLoggingRequestDetails='false': request parameters and headers will be masked to prevent unsafe logging of potentially sensitive data
2024-05-31T11:26:06.640+05:30  INFO 19992 --- [LogbackApplicationProperties] [http-nio-8080-exec-1] o.s.web.servlet.DispatcherServlet        : Completed initialization in 2 ms
2024-05-31T11:26:06.641+05:30 DEBUG 19992 --- [LogbackApplicationProperties] [http-nio-8080-exec-1] o.s.web.servlet.DispatcherServlet        : GET "/map", parameters={}
2024-05-31T11:26:06.642+05:30 DEBUG 19992 --- [LogbackApplicationProperties] [http-nio-8080-exec-1] s.w.s.m.m.a.RequestMappingHandlerMapping : Mapped to com.ciq.test.LoggingEx#main()
2024-05-31T11:26:06.644+05:30 ERROR 19992 --- [LogbackApplicationProperties] [http-nio-8080-exec-1] com.ciq.test.LoggingEx                   : it impelement the error
2024-05-31T11:26:06.644+05:30  WARN 19992 --- [LogbackApplicationProperties] [http-nio-8080-exec-1] com.ciq.test.LoggingEx                   : it impelement the warn
2024-05-31T11:26:06.644+05:30  INFO 19992 --- [LogbackApplicationProperties] [http-nio-8080-exec-1] com.ciq.test.LoggingEx                   : it impelement the info
2024-05-31T11:26:06.645+05:30 DEBUG 19992 --- [LogbackApplicationProperties] [http-nio-8080-exec-1] m.m.a.RequestResponseBodyMethodProcessor : Using 'text/html', given [text/html, application/xhtml+xml, image/avif, image/webp, image/apng, application/xml;q=0.9, */*;q=0.8, application/signed-exchange;v=b3;q=0.7] and supported [text/plain, */*, application/json, application/*+json]
2024-05-31T11:26:06.645+05:30 DEBUG 19992 --- [LogbackApplicationProperties] [http-nio-8080-exec-1] m.m.a.RequestResponseBodyMethodProcessor : Writing ["main"]
2024-05-31T11:26:06.647+05:30 DEBUG 19992 --- [LogbackApplicationProperties] [http-nio-8080-exec-1] o.s.web.servlet.DispatcherServlet        : Completed 200 OK
2024-05-31T11:26:24.308+05:30  INFO 19992 --- [LogbackApplicationProperties] [File Watcher] rtingClassPathChangeChangedEventListener : Restarting due to 1 class path change (0 additions, 0 deletions, 1 modification)
2024-05-31T11:26:24.368+05:30  INFO 19992 --- [LogbackApplicationProperties] [restartedMain] .LogbackApplicationPropertiesApplication : Starting LogbackApplicationPropertiesApplication using Java 17.0.3 with PID 19992 (F:\springboot\LogbackApplicationProperties\target\classes started by shiva.netha in F:\springboot\LogbackApplicationProperties)
2024-05-31T11:26:24.369+05:30  INFO 19992 --- [LogbackApplicationProperties] [restartedMain] .LogbackApplicationPropertiesApplication : No active profile set, falling back to 1 default profile: "default"
2024-05-31T11:26:24.503+05:30  INFO 19992 --- [LogbackApplicationProperties] [restartedMain] o.s.b.w.embedded.tomcat.TomcatWebServer  : Tomcat initialized with port 8080 (http)
2024-05-31T11:26:24.504+05:30  INFO 19992 --- [LogbackApplicationProperties] [restartedMain] o.apache.catalina.core.StandardService   : Starting service [Tomcat]
2024-05-31T11:26:24.504+05:30  INFO 19992 --- [LogbackApplicationProperties] [restartedMain] o.apache.catalina.core.StandardEngine    : Starting Servlet engine: [Apache Tomcat/10.1.24]
2024-05-31T11:26:24.519+05:30  INFO 19992 --- [LogbackApplicationProperties] [restartedMain] o.a.c.c.C.[Tomcat].[localhost].[/]       : Initializing Spring embedded WebApplicationContext
2024-05-31T11:26:24.519+05:30  INFO 19992 --- [LogbackApplicationProperties] [restartedMain] w.s.c.ServletWebServerApplicationContext : Root WebApplicationContext: initialization completed in 148 ms
2024-05-31T11:26:24.550+05:30 DEBUG 19992 --- [LogbackApplicationProperties] [restartedMain] s.w.s.m.m.a.RequestMappingHandlerMapping : 3 mappings in 'requestMappingHandlerMapping'
2024-05-31T11:26:24.563+05:30 DEBUG 19992 --- [LogbackApplicationProperties] [restartedMain] o.s.w.s.handler.SimpleUrlHandlerMapping  : Patterns [/webjars/**, /**] in 'resourceHandlerMapping'
2024-05-31T11:26:24.566+05:30 DEBUG 19992 --- [LogbackApplicationProperties] [restartedMain] s.w.s.m.m.a.RequestMappingHandlerAdapter : ControllerAdvice beans: 0 @ModelAttribute, 0 @InitBinder, 1 RequestBodyAdvice, 1 ResponseBodyAdvice
2024-05-31T11:26:24.568+05:30 DEBUG 19992 --- [LogbackApplicationProperties] [restartedMain] .m.m.a.ExceptionHandlerExceptionResolver : ControllerAdvice beans: 0 @ExceptionHandler, 1 ResponseBodyAdvice
2024-05-31T11:26:24.582+05:30  INFO 19992 --- [LogbackApplicationProperties] [restartedMain] o.s.b.d.a.OptionalLiveReloadServer       : LiveReload server is running on port 35729
2024-05-31T11:26:24.590+05:30  INFO 19992 --- [LogbackApplicationProperties] [restartedMain] o.s.b.w.embedded.tomcat.TomcatWebServer  : Tomcat started on port 8080 (http) with context path '/'
2024-05-31T11:26:24.596+05:30  INFO 19992 --- [LogbackApplicationProperties] [restartedMain] .LogbackApplicationPropertiesApplication : Started LogbackApplicationPropertiesApplication in 0.248 seconds (process running for 49.33)
2024-05-31T11:26:24.597+05:30  INFO 19992 --- [LogbackApplicationProperties] [restartedMain] .ConditionEvaluationDeltaLoggingListener : Condition evaluation unchanged
2024-05-31T11:26:33.082+05:30  INFO 19992 --- [LogbackApplicationProperties] [File Watcher] rtingClassPathChangeChangedEventListener : Restarting due to 1 class path change (0 additions, 0 deletions, 1 modification)
2024-05-31T11:26:33.148+05:30  INFO 19992 --- [LogbackApplicationProperties] [restartedMain] .LogbackApplicationPropertiesApplication : Starting LogbackApplicationPropertiesApplication using Java 17.0.3 with PID 19992 (F:\springboot\LogbackApplicationProperties\target\classes started by shiva.netha in F:\springboot\LogbackApplicationProperties)
2024-05-31T11:26:33.149+05:30  INFO 19992 --- [LogbackApplicationProperties] [restartedMain] .LogbackApplicationPropertiesApplication : No active profile set, falling back to 1 default profile: "default"
2024-05-31T11:26:33.278+05:30  INFO 19992 --- [LogbackApplicationProperties] [restartedMain] o.s.b.w.embedded.tomcat.TomcatWebServer  : Tomcat initialized with port 8080 (http)
2024-05-31T11:26:33.279+05:30  INFO 19992 --- [LogbackApplicationProperties] [restartedMain] o.apache.catalina.core.StandardService   : Starting service [Tomcat]
2024-05-31T11:26:33.279+05:30  INFO 19992 --- [LogbackApplicationProperties] [restartedMain] o.apache.catalina.core.StandardEngine    : Starting Servlet engine: [Apache Tomcat/10.1.24]
2024-05-31T11:26:33.294+05:30  INFO 19992 --- [LogbackApplicationProperties] [restartedMain] o.a.c.c.C.[Tomcat].[localhost].[/]       : Initializing Spring embedded WebApplicationContext
2024-05-31T11:26:33.294+05:30  INFO 19992 --- [LogbackApplicationProperties] [restartedMain] w.s.c.ServletWebServerApplicationContext : Root WebApplicationContext: initialization completed in 143 ms
2024-05-31T11:26:33.349+05:30  INFO 19992 --- [LogbackApplicationProperties] [restartedMain] o.s.b.d.a.OptionalLiveReloadServer       : LiveReload server is running on port 35729
2024-05-31T11:26:33.356+05:30  INFO 19992 --- [LogbackApplicationProperties] [restartedMain] o.s.b.w.embedded.tomcat.TomcatWebServer  : Tomcat started on port 8080 (http) with context path '/'
2024-05-31T11:26:33.364+05:30  INFO 19992 --- [LogbackApplicationProperties] [restartedMain] .LogbackApplicationPropertiesApplication : Started LogbackApplicationPropertiesApplication in 0.237 seconds (process running for 58.098)
2024-05-31T11:26:33.366+05:30  INFO 19992 --- [LogbackApplicationProperties] [restartedMain] .ConditionEvaluationDeltaLoggingListener : Condition evaluation unchanged
2024-05-31T11:26:40.989+05:30  INFO 19992 --- [LogbackApplicationProperties] [RMI TCP Connection(11)-127.0.0.1] inMXBeanRegistrar$SpringApplicationAdmin : Application shutdown requested.
